[{"line":1,"elements":[{"line":4,"name":"","description":"","type":"background","keyword":"Background","steps":[{"result":{"duration":8723100500,"status":"passed"},"line":5,"name":"User Launch the Browser","match":{"location":"com.lumaStepDef.LumaStepDef.user_launch_the_browser()"},"keyword":"Given "}]},{"start_timestamp":"2025-02-18T07:11:37.771Z","before":[{"result":{"duration":2998900,"status":"passed"},"match":{"location":"com.hooks.HooksMethods.beforeHooks(io.cucumber.java.Scenario)"}}],"line":33,"name":"Purchase a Jacket","description":"","id":"magento-e-commerce-website-testing;purchase-a-jacket;;2","after":[{"result":{"error_message":"org.openqa.selenium.remote.UnreachableBrowserException: Error communicating with the remote browser. It may have died.\nBuild info: version: '4.13.0', revision: 'ba948ece5b*'\nSystem info: os.name: 'Windows 11', os.arch: 'amd64', os.version: '10.0', java.version: '21.0.5'\nDriver info: org.openqa.selenium.chrome.ChromeDriver\nCommand: [c5a9c4fbe77d3553e0b25fc70a8bcc66, screenshot []]\nCapabilities {acceptInsecureCerts: false, browserName: chrome, browserVersion: 133.0.6943.99, chrome: {chromedriverVersion: 133.0.6943.98 (da53563ceb66..., userDataDir: C:\\Users\\surya\\AppData\\Loca...}, fedcm:accounts: true, goog:chromeOptions: {debuggerAddress: localhost:56151}, networkConnectionEnabled: false, pageLoadStrategy: normal, platformName: windows, proxy: Proxy(), se:cdp: ws://localhost:56151/devtoo..., se:cdpVersion: 133.0.6943.99, setWindowRect: true, strictFileInteractability: false, timeouts: {implicit: 0, pageLoad: 300000, script: 30000}, unhandledPromptBehavior: dismiss and notify, webauthn:extension:credBlob: true, webauthn:extension:largeBlob: true, webauthn:extension:minPinLength: true, webauthn:extension:prf: true, webauthn:virtualAuthenticators: true}\nSession ID: c5a9c4fbe77d3553e0b25fc70a8bcc66\r\n\tat org.openqa.selenium.remote.RemoteWebDriver.execute(RemoteWebDriver.java:629)\r\n\tat org.openqa.selenium.remote.RemoteWebDriver.execute(RemoteWebDriver.java:675)\r\n\tat org.openqa.selenium.remote.RemoteWebDriver.execute(RemoteWebDriver.java:679)\r\n\tat org.openqa.selenium.remote.RemoteWebDriver.getScreenshotAs(RemoteWebDriver.java:325)\r\n\tat com.hooks.HooksMethods.afterhooks(HooksMethods.java:33)\r\nCaused by: java.io.UncheckedIOException: java.net.ConnectException: Connection refused: getsockopt: localhost/[0:0:0:0:0:0:0:1]:48523\r\n\tat org.openqa.selenium.remote.http.netty.NettyHttpHandler.makeCall(NettyHttpHandler.java:73)\r\n\tat org.openqa.selenium.remote.http.AddSeleniumUserAgent.lambda$apply$0(AddSeleniumUserAgent.java:42)\r\n\tat org.openqa.selenium.remote.http.Filter.lambda$andFinally$1(Filter.java:55)\r\n\tat org.openqa.selenium.remote.http.netty.NettyHttpHandler.execute(NettyHttpHandler.java:48)\r\n\tat org.openqa.selenium.remote.http.netty.NettyClient.execute(NettyClient.java:96)\r\n\tat org.openqa.selenium.remote.HttpCommandExecutor.execute(HttpCommandExecutor.java:188)\r\n\tat org.openqa.selenium.remote.service.DriverCommandExecutor.invokeExecute(DriverCommandExecutor.java:196)\r\n\tat org.openqa.selenium.remote.service.DriverCommandExecutor.execute(DriverCommandExecutor.java:171)\r\n\tat org.openqa.selenium.remote.RemoteWebDriver.execute(RemoteWebDriver.java:602)\r\n\tat org.openqa.selenium.remote.RemoteWebDriver.execute(RemoteWebDriver.java:675)\r\n\tat org.openqa.selenium.remote.RemoteWebDriver.execute(RemoteWebDriver.java:679)\r\n\tat org.openqa.selenium.remote.RemoteWebDriver.getScreenshotAs(RemoteWebDriver.java:325)\r\n\tat com.hooks.HooksMethods.afterhooks(HooksMethods.java:33)\r\n\tat java.base/jdk.internal.reflect.DirectMethodHandleAccessor.invoke(DirectMethodHandleAccessor.java:103)\r\n\tat java.base/java.lang.reflect.Method.invoke(Method.java:580)\r\n\tat io.cucumber.java.Invoker.doInvoke(Invoker.java:66)\r\n\tat io.cucumber.java.Invoker.invoke(Invoker.java:24)\r\n\tat io.cucumber.java.AbstractGlueDefinition.invokeMethod(AbstractGlueDefinition.java:47)\r\n\tat io.cucumber.java.JavaHookDefinition.execute(JavaHookDefinition.java:64)\r\n\tat io.cucumber.core.runner.CoreHookDefinition.execute(CoreHookDefinition.java:47)\r\n\tat io.cucumber.core.runner.HookDefinitionMatch.runStep(HookDefinitionMatch.java:21)\r\n\tat io.cucumber.core.runner.ExecutionMode$1.execute(ExecutionMode.java:10)\r\n\tat io.cucumber.core.runner.TestStep.executeStep(TestStep.java:81)\r\n\tat io.cucumber.core.runner.TestStep.run(TestStep.java:53)\r\n\tat io.cucumber.core.runner.TestCase.run(TestCase.java:90)\r\n\tat io.cucumber.core.runner.Runner.runPickle(Runner.java:75)\r\n\tat io.cucumber.junit.PickleRunners$NoStepDescriptions.lambda$run$0(PickleRunners.java:151)\r\n\tat io.cucumber.core.runtime.CucumberExecutionContext.lambda$runTestCase$5(CucumberExecutionContext.java:136)\r\n\tat io.cucumber.core.runtime.RethrowingThrowableCollector.executeAndThrow(RethrowingThrowableCollector.java:23)\r\n\tat io.cucumber.core.runtime.CucumberExecutionContext.runTestCase(CucumberExecutionContext.java:136)\r\n\tat io.cucumber.junit.PickleRunners$NoStepDescriptions.run(PickleRunners.java:148)\r\n\tat io.cucumber.junit.FeatureRunner.runChild(FeatureRunner.java:144)\r\n\tat io.cucumber.junit.FeatureRunner.runChild(FeatureRunner.java:28)\r\n\tat org.junit.runners.ParentRunner$4.run(ParentRunner.java:331)\r\n\tat org.junit.runners.ParentRunner$1.schedule(ParentRunner.java:79)\r\n\tat org.junit.runners.ParentRunner.runChildren(ParentRunner.java:329)\r\n\tat org.junit.runners.ParentRunner.access$100(ParentRunner.java:66)\r\n\tat org.junit.runners.ParentRunner$2.evaluate(ParentRunner.java:293)\r\n\tat org.junit.runners.ParentRunner$3.evaluate(ParentRunner.java:306)\r\n\tat org.junit.runners.ParentRunner.run(ParentRunner.java:413)\r\n\tat io.cucumber.junit.FeatureRunner.run(FeatureRunner.java:137)\r\n\tat io.cucumber.junit.Cucumber.runChild(Cucumber.java:199)\r\n\tat io.cucumber.junit.Cucumber.runChild(Cucumber.java:89)\r\n\tat org.junit.runners.ParentRunner$4.run(ParentRunner.java:331)\r\n\tat org.junit.runners.ParentRunner$1.schedule(ParentRunner.java:79)\r\n\tat org.junit.runners.ParentRunner.runChildren(ParentRunner.java:329)\r\n\tat org.junit.runners.ParentRunner.access$100(ParentRunner.java:66)\r\n\tat org.junit.runners.ParentRunner$2.evaluate(ParentRunner.java:293)\r\n\tat io.cucumber.core.runtime.CucumberExecutionContext.lambda$runFeatures$6(CucumberExecutionContext.java:147)\r\n\tat io.cucumber.core.runtime.CucumberExecutionContext.execute(CucumberExecutionContext.java:162)\r\n\tat io.cucumber.core.runtime.CucumberExecutionContext.runFeatures(CucumberExecutionContext.java:145)\r\n\tat io.cucumber.junit.Cucumber$StartAndFinishTestRun.evaluate(Cucumber.java:229)\r\n\tat org.junit.runners.ParentRunner$3.evaluate(ParentRunner.java:306)\r\n\tat org.junit.runners.ParentRunner.run(ParentRunner.java:413)\r\n\tat org.junit.runner.JUnitCore.run(JUnitCore.java:137)\r\n\tat org.junit.runner.JUnitCore.run(JUnitCore.java:115)\r\n\tat org.junit.vintage.engine.execution.RunnerExecutor.execute(RunnerExecutor.java:42)\r\n\tat org.junit.vintage.engine.VintageTestEngine.executeAllChildren(VintageTestEngine.java:80)\r\n\tat org.junit.vintage.engine.VintageTestEngine.execute(VintageTestEngine.java:72)\r\n\tat org.junit.platform.launcher.core.EngineExecutionOrchestrator.execute(EngineExecutionOrchestrator.java:198)\r\n\tat org.junit.platform.launcher.core.EngineExecutionOrchestrator.execute(EngineExecutionOrchestrator.java:169)\r\n\tat org.junit.platform.launcher.core.EngineExecutionOrchestrator.execute(EngineExecutionOrchestrator.java:93)\r\n\tat org.junit.platform.launcher.core.EngineExecutionOrchestrator.lambda$execute$0(EngineExecutionOrchestrator.java:58)\r\n\tat org.junit.platform.launcher.core.EngineExecutionOrchestrator.withInterceptedStreams(EngineExecutionOrchestrator.java:141)\r\n\tat org.junit.platform.launcher.core.EngineExecutionOrchestrator.execute(EngineExecutionOrchestrator.java:57)\r\n\tat org.junit.platform.launcher.core.DefaultLauncher.execute(DefaultLauncher.java:103)\r\n\tat org.junit.platform.launcher.core.DefaultLauncher.execute(DefaultLauncher.java:94)\r\n\tat org.junit.platform.launcher.core.DelegatingLauncher.execute(DelegatingLauncher.java:52)\r\n\tat org.junit.platform.launcher.core.SessionPerRequestLauncher.execute(SessionPerRequestLauncher.java:70)\r\n\tat org.eclipse.jdt.internal.junit5.runner.JUnit5TestReference.run(JUnit5TestReference.java:100)\r\n\tat org.eclipse.jdt.internal.junit.runner.TestExecution.run(TestExecution.java:40)\r\n\tat org.eclipse.jdt.internal.junit.runner.RemoteTestRunner.runTests(RemoteTestRunner.java:530)\r\n\tat org.eclipse.jdt.internal.junit.runner.RemoteTestRunner.runTests(RemoteTestRunner.java:758)\r\n\tat org.eclipse.jdt.internal.junit.runner.RemoteTestRunner.run(RemoteTestRunner.java:453)\r\n\tat org.eclipse.jdt.internal.junit.runner.RemoteTestRunner.main(RemoteTestRunner.java:211)\r\nCaused by: java.net.ConnectException: Connection refused: getsockopt: localhost/[0:0:0:0:0:0:0:1]:48523\r\n\tat org.asynchttpclient.netty.channel.NettyConnectListener.onFailure(NettyConnectListener.java:179)\r\n\tat org.asynchttpclient.netty.channel.NettyChannelConnector$1.onFailure(NettyChannelConnector.java:108)\r\n\tat org.asynchttpclient.netty.SimpleChannelFutureListener.operationComplete(SimpleChannelFutureListener.java:28)\r\n\tat org.asynchttpclient.netty.SimpleChannelFutureListener.operationComplete(SimpleChannelFutureListener.java:20)\r\n\tat io.netty.util.concurrent.DefaultPromise.notifyListener0(DefaultPromise.java:590)\r\n\tat io.netty.util.concurrent.DefaultPromise.notifyListeners0(DefaultPromise.java:583)\r\n\tat io.netty.util.concurrent.DefaultPromise.notifyListenersNow(DefaultPromise.java:559)\r\n\tat io.netty.util.concurrent.DefaultPromise.notifyListeners(DefaultPromise.java:492)\r\n\tat io.netty.util.concurrent.DefaultPromise.setValue0(DefaultPromise.java:636)\r\n\tat io.netty.util.concurrent.DefaultPromise.setFailure0(DefaultPromise.java:629)\r\n\tat io.netty.util.concurrent.DefaultPromise.tryFailure(DefaultPromise.java:118)\r\n\tat io.netty.channel.nio.AbstractNioChannel$AbstractNioUnsafe.fulfillConnectPromise(AbstractNioChannel.java:321)\r\n\tat io.netty.channel.nio.AbstractNioChannel$AbstractNioUnsafe.finishConnect(AbstractNioChannel.java:337)\r\n\tat io.netty.channel.nio.NioEventLoop.processSelectedKey(NioEventLoop.java:776)\r\n\tat io.netty.channel.nio.NioEventLoop.processSelectedKeysOptimized(NioEventLoop.java:724)\r\n\tat io.netty.channel.nio.NioEventLoop.processSelectedKeys(NioEventLoop.java:650)\r\n\tat io.netty.channel.nio.NioEventLoop.run(NioEventLoop.java:562)\r\n\tat io.netty.util.concurrent.SingleThreadEventExecutor$4.run(SingleThreadEventExecutor.java:997)\r\n\tat io.netty.util.internal.ThreadExecutorMap$2.run(ThreadExecutorMap.java:74)\r\n\tat io.netty.util.concurrent.FastThreadLocalRunnable.run(FastThreadLocalRunnable.java:30)\r\n\tat java.base/java.lang.Thread.run(Thread.java:1583)\r\nCaused by: io.netty.channel.AbstractChannel$AnnotatedConnectException: Connection refused: getsockopt: localhost/[0:0:0:0:0:0:0:1]:48523\r\nCaused by: java.net.ConnectException: Connection refused: getsockopt\r\n\tat java.base/sun.nio.ch.Net.pollConnect(Native Method)\r\n\tat java.base/sun.nio.ch.Net.pollConnectNow(Net.java:682)\r\n\tat java.base/sun.nio.ch.SocketChannelImpl.finishConnect(SocketChannelImpl.java:973)\r\n\tat io.netty.channel.socket.nio.NioSocketChannel.doFinishConnect(NioSocketChannel.java:337)\r\n\tat io.netty.channel.nio.AbstractNioChannel$AbstractNioUnsafe.finishConnect(AbstractNioChannel.java:334)\r\n\tat io.netty.channel.nio.NioEventLoop.processSelectedKey(NioEventLoop.java:776)\r\n\tat io.netty.channel.nio.NioEventLoop.processSelectedKeysOptimized(NioEventLoop.java:724)\r\n\tat io.netty.channel.nio.NioEventLoop.processSelectedKeys(NioEventLoop.java:650)\r\n\tat io.netty.channel.nio.NioEventLoop.run(NioEventLoop.java:562)\r\n\tat io.netty.util.concurrent.SingleThreadEventExecutor$4.run(SingleThreadEventExecutor.java:997)\r\n\tat io.netty.util.internal.ThreadExecutorMap$2.run(ThreadExecutorMap.java:74)\r\n\tat io.netty.util.concurrent.FastThreadLocalRunnable.run(FastThreadLocalRunnable.java:30)\r\n\tat java.base/java.lang.Thread.run(Thread.java:1583)\r\n","duration":9166300,"status":"failed"},"match":{"location":"com.hooks.HooksMethods.afterhooks(io.cucumber.java.Scenario)"}}],"type":"scenario","keyword":"Scenario Outline","steps":[{"result":{"duration":4282463800,"status":"passed"},"line":10,"name":"User Launch the Url","match":{"location":"com.lumaStepDef.LumaStepDef.user_launch_the_url()"},"keyword":"Given "},{"result":{"duration":1101873500,"status":"passed"},"line":11,"name":"User click the Homepage SingIn Button","match":{"location":"com.lumaStepDef.LumaStepDef.user_click_the_homepage_sing_in_button()"},"keyword":"When "},{"result":{"duration":80049000,"status":"passed"},"line":12,"name":"User navigates to the login page \"Customer Login\"","match":{"arguments":[{"val":"\"Customer Login\"","offset":33}],"location":"com.lumaStepDef.LumaStepDef.user_navigates_to_the_login_page(java.lang.String)"},"keyword":"Then "},{"result":{"duration":124096800,"status":"passed"},"line":13,"name":"User enters Username \"velandg10@gmail.com\" in the Username Field","match":{"arguments":[{"val":"\"velandg10@gmail.com\"","offset":21}],"location":"com.lumaStepDef.LumaStepDef.user_enters_username_in_the_username_field(java.lang.String)"},"keyword":"When "},{"result":{"duration":86891800,"status":"passed"},"line":14,"name":"User enters password \"Velan@1995\"  in the Password Field","match":{"arguments":[{"val":"\"Velan@1995\"","offset":21}],"location":"com.lumaStepDef.LumaStepDef.user_enters_password_in_the_password_field(java.lang.String)"},"keyword":"And "},{"result":{"duration":2691623900,"status":"passed"},"line":15,"name":"User clicks on the signIn button","match":{"location":"com.lumaStepDef.LumaStepDef.user_clicks_on_the_signIn_button()"},"keyword":"And "},{"result":{"duration":286503300,"status":"passed"},"line":16,"name":"User should be redirected to  the dashboard  \"Welcome, Velan Velli!\"","match":{"arguments":[{"val":"\"Welcome, Velan Velli!\"","offset":45}],"location":"com.lumaStepDef.LumaStepDef.user_should_be_redirected_to_the_dashboard(java.lang.String)"},"keyword":"Then "},{"result":{"duration":2072002000,"status":"passed"},"line":17,"name":"User select the Mens top Jacket Selection","match":{"location":"com.lumaStepDef.LumaStepDef.user_select_the_mens_top_jacket_selection()"},"keyword":"When "},{"result":{"duration":2063112300,"status":"passed"},"line":18,"name":"User selects the \"Montana Wind Jacket\"","match":{"arguments":[{"val":"\"Montana Wind Jacket\"","offset":17}],"location":"com.lumaStepDef.LumaStepDef.user_selects_the(java.lang.String)"},"keyword":"And "},{"result":{"duration":165045300,"status":"passed"},"line":19,"name":"User Select L size","match":{"location":"com.lumaStepDef.LumaStepDef.user_select_m_size()"},"keyword":"And "},{"result":{"duration":77510400,"status":"passed"},"line":20,"name":"User Select  Red Color","match":{"location":"com.lumaStepDef.LumaStepDef.user_select_red_color()"},"keyword":"And "},{"result":{"duration":64301300,"status":"passed"},"line":21,"name":"User adds the jacket to the cart","match":{"location":"com.lumaStepDef.LumaStepDef.user_adds_the_jacket_to_the_cart()"},"keyword":"And "},{"result":{"duration":5293246100,"status":"passed"},"line":22,"name":"User click the Shoping Cart","match":{"location":"com.lumaStepDef.LumaStepDef.user_click_the_shoping_cart()"},"keyword":"And "},{"result":{"duration":3159695400,"status":"passed"},"line":23,"name":"User proceeds to checkout","match":{"location":"com.lumaStepDef.LumaStepDef.user_proceeds_to_checkout()"},"keyword":"And "},{"result":{"duration":3328167800,"status":"passed"},"line":24,"name":"User fills in the mandatory shipping address with the following details","match":{"location":"com.lumaStepDef.LumaStepDef.user_fills_in_the_mandatory_shipping_address_with_the_following_details()"},"keyword":"When "},{"result":{"duration":51176000,"status":"passed"},"line":25,"name":"User selects the standard shipping method","match":{"location":"com.lumaStepDef.LumaStepDef.user_selects_the_standard_shipping_method()"},"keyword":"And "},{"result":{"duration":2042517400,"status":"passed"},"line":26,"name":"User places the order","match":{"location":"com.lumaStepDef.LumaStepDef.user_places_the_order()"},"keyword":"And "},{"result":{"error_message":"java.lang.AssertionError: ERROR: OCCUR IN THE ASSERT TEXT \r\n\tat org.junit.Assert.fail(Assert.java:89)\r\n\tat com.resuableMethods.Baseclass.assertText(Baseclass.java:183)\r\n\tat com.PageObjectModel.confirmationPagePOM.getSuccessMessage(confirmationPagePOM.java:43)\r\n\tat com.lumaStepDef.LumaStepDef.user_should_see_a_success_message(LumaStepDef.java:135)\r\n\tat ✽.User should see a success message \"Thank you for your purchase!\"(file:///D:/IPD/LumaCucumberFramework/src/test/java/com/featureFiles/Luma.feature:27)\r\n","duration":20388118900,"status":"failed"},"line":27,"name":"User should see a success message \"Thank you for your purchase!\"","match":{"arguments":[{"val":"\"Thank you for your purchase!\"","offset":34}],"location":"com.lumaStepDef.LumaStepDef.user_should_see_a_success_message(java.lang.String)"},"keyword":"Then "},{"result":{"status":"skipped"},"line":28,"name":"User should print the order number","match":{"location":"com.lumaStepDef.LumaStepDef.user_should_print_the_order_number()"},"keyword":"And "}]},{"line":4,"name":"","description":"","type":"background","keyword":"Background","steps":[{"result":{"duration":1259032200,"status":"passed"},"line":5,"name":"User Launch the Browser","match":{"location":"com.lumaStepDef.LumaStepDef.user_launch_the_browser()"},"keyword":"Given "}]},{"start_timestamp":"2025-02-18T07:12:34.092Z","before":[{"result":{"status":"passed"},"match":{"location":"com.hooks.HooksMethods.beforeHooks(io.cucumber.java.Scenario)"}}],"line":60,"name":"Purchase a Womens Tshirt","description":"","id":"magento-e-commerce-website-testing;purchase-a-womens-tshirt;;2","after":[{"result":{"error_message":"org.openqa.selenium.remote.UnreachableBrowserException: Error communicating with the remote browser. It may have died.\nBuild info: version: '4.13.0', revision: 'ba948ece5b*'\nSystem info: os.name: 'Windows 11', os.arch: 'amd64', os.version: '10.0', java.version: '21.0.5'\nDriver info: org.openqa.selenium.chrome.ChromeDriver\nCommand: [0d05597acfa59a6928728c97ab5921c5, screenshot []]\nCapabilities {acceptInsecureCerts: false, browserName: chrome, browserVersion: 133.0.6943.99, chrome: {chromedriverVersion: 133.0.6943.98 (da53563ceb66..., userDataDir: C:\\Users\\surya\\AppData\\Loca...}, fedcm:accounts: true, goog:chromeOptions: {debuggerAddress: localhost:50724}, networkConnectionEnabled: false, pageLoadStrategy: normal, platformName: windows, proxy: Proxy(), se:cdp: ws://localhost:50724/devtoo..., se:cdpVersion: 133.0.6943.99, setWindowRect: true, strictFileInteractability: false, timeouts: {implicit: 0, pageLoad: 300000, script: 30000}, unhandledPromptBehavior: dismiss and notify, webauthn:extension:credBlob: true, webauthn:extension:largeBlob: true, webauthn:extension:minPinLength: true, webauthn:extension:prf: true, webauthn:virtualAuthenticators: true}\nSession ID: 0d05597acfa59a6928728c97ab5921c5\r\n\tat org.openqa.selenium.remote.RemoteWebDriver.execute(RemoteWebDriver.java:629)\r\n\tat org.openqa.selenium.remote.RemoteWebDriver.execute(RemoteWebDriver.java:675)\r\n\tat org.openqa.selenium.remote.RemoteWebDriver.execute(RemoteWebDriver.java:679)\r\n\tat org.openqa.selenium.remote.RemoteWebDriver.getScreenshotAs(RemoteWebDriver.java:325)\r\n\tat com.hooks.HooksMethods.afterhooks(HooksMethods.java:33)\r\nCaused by: java.io.UncheckedIOException: java.net.ConnectException: Connection refused: getsockopt: localhost/[0:0:0:0:0:0:0:1]:28697\r\n\tat org.openqa.selenium.remote.http.netty.NettyHttpHandler.makeCall(NettyHttpHandler.java:73)\r\n\tat org.openqa.selenium.remote.http.AddSeleniumUserAgent.lambda$apply$0(AddSeleniumUserAgent.java:42)\r\n\tat org.openqa.selenium.remote.http.Filter.lambda$andFinally$1(Filter.java:55)\r\n\tat org.openqa.selenium.remote.http.netty.NettyHttpHandler.execute(NettyHttpHandler.java:48)\r\n\tat org.openqa.selenium.remote.http.netty.NettyClient.execute(NettyClient.java:96)\r\n\tat org.openqa.selenium.remote.HttpCommandExecutor.execute(HttpCommandExecutor.java:188)\r\n\tat org.openqa.selenium.remote.service.DriverCommandExecutor.invokeExecute(DriverCommandExecutor.java:196)\r\n\tat org.openqa.selenium.remote.service.DriverCommandExecutor.execute(DriverCommandExecutor.java:171)\r\n\tat org.openqa.selenium.remote.RemoteWebDriver.execute(RemoteWebDriver.java:602)\r\n\tat org.openqa.selenium.remote.RemoteWebDriver.execute(RemoteWebDriver.java:675)\r\n\tat org.openqa.selenium.remote.RemoteWebDriver.execute(RemoteWebDriver.java:679)\r\n\tat org.openqa.selenium.remote.RemoteWebDriver.getScreenshotAs(RemoteWebDriver.java:325)\r\n\tat com.hooks.HooksMethods.afterhooks(HooksMethods.java:33)\r\n\tat java.base/jdk.internal.reflect.DirectMethodHandleAccessor.invoke(DirectMethodHandleAccessor.java:103)\r\n\tat java.base/java.lang.reflect.Method.invoke(Method.java:580)\r\n\tat io.cucumber.java.Invoker.doInvoke(Invoker.java:66)\r\n\tat io.cucumber.java.Invoker.invoke(Invoker.java:24)\r\n\tat io.cucumber.java.AbstractGlueDefinition.invokeMethod(AbstractGlueDefinition.java:47)\r\n\tat io.cucumber.java.JavaHookDefinition.execute(JavaHookDefinition.java:64)\r\n\tat io.cucumber.core.runner.CoreHookDefinition.execute(CoreHookDefinition.java:47)\r\n\tat io.cucumber.core.runner.HookDefinitionMatch.runStep(HookDefinitionMatch.java:21)\r\n\tat io.cucumber.core.runner.ExecutionMode$1.execute(ExecutionMode.java:10)\r\n\tat io.cucumber.core.runner.TestStep.executeStep(TestStep.java:81)\r\n\tat io.cucumber.core.runner.TestStep.run(TestStep.java:53)\r\n\tat io.cucumber.core.runner.TestCase.run(TestCase.java:90)\r\n\tat io.cucumber.core.runner.Runner.runPickle(Runner.java:75)\r\n\tat io.cucumber.junit.PickleRunners$NoStepDescriptions.lambda$run$0(PickleRunners.java:151)\r\n\tat io.cucumber.core.runtime.CucumberExecutionContext.lambda$runTestCase$5(CucumberExecutionContext.java:136)\r\n\tat io.cucumber.core.runtime.RethrowingThrowableCollector.executeAndThrow(RethrowingThrowableCollector.java:23)\r\n\tat io.cucumber.core.runtime.CucumberExecutionContext.runTestCase(CucumberExecutionContext.java:136)\r\n\tat io.cucumber.junit.PickleRunners$NoStepDescriptions.run(PickleRunners.java:148)\r\n\tat io.cucumber.junit.FeatureRunner.runChild(FeatureRunner.java:144)\r\n\tat io.cucumber.junit.FeatureRunner.runChild(FeatureRunner.java:28)\r\n\tat org.junit.runners.ParentRunner$4.run(ParentRunner.java:331)\r\n\tat org.junit.runners.ParentRunner$1.schedule(ParentRunner.java:79)\r\n\tat org.junit.runners.ParentRunner.runChildren(ParentRunner.java:329)\r\n\tat org.junit.runners.ParentRunner.access$100(ParentRunner.java:66)\r\n\tat org.junit.runners.ParentRunner$2.evaluate(ParentRunner.java:293)\r\n\tat org.junit.runners.ParentRunner$3.evaluate(ParentRunner.java:306)\r\n\tat org.junit.runners.ParentRunner.run(ParentRunner.java:413)\r\n\tat io.cucumber.junit.FeatureRunner.run(FeatureRunner.java:137)\r\n\tat io.cucumber.junit.Cucumber.runChild(Cucumber.java:199)\r\n\tat io.cucumber.junit.Cucumber.runChild(Cucumber.java:89)\r\n\tat org.junit.runners.ParentRunner$4.run(ParentRunner.java:331)\r\n\tat org.junit.runners.ParentRunner$1.schedule(ParentRunner.java:79)\r\n\tat org.junit.runners.ParentRunner.runChildren(ParentRunner.java:329)\r\n\tat org.junit.runners.ParentRunner.access$100(ParentRunner.java:66)\r\n\tat org.junit.runners.ParentRunner$2.evaluate(ParentRunner.java:293)\r\n\tat io.cucumber.core.runtime.CucumberExecutionContext.lambda$runFeatures$6(CucumberExecutionContext.java:147)\r\n\tat io.cucumber.core.runtime.CucumberExecutionContext.execute(CucumberExecutionContext.java:162)\r\n\tat io.cucumber.core.runtime.CucumberExecutionContext.runFeatures(CucumberExecutionContext.java:145)\r\n\tat io.cucumber.junit.Cucumber$StartAndFinishTestRun.evaluate(Cucumber.java:229)\r\n\tat org.junit.runners.ParentRunner$3.evaluate(ParentRunner.java:306)\r\n\tat org.junit.runners.ParentRunner.run(ParentRunner.java:413)\r\n\tat org.junit.runner.JUnitCore.run(JUnitCore.java:137)\r\n\tat org.junit.runner.JUnitCore.run(JUnitCore.java:115)\r\n\tat org.junit.vintage.engine.execution.RunnerExecutor.execute(RunnerExecutor.java:42)\r\n\tat org.junit.vintage.engine.VintageTestEngine.executeAllChildren(VintageTestEngine.java:80)\r\n\tat org.junit.vintage.engine.VintageTestEngine.execute(VintageTestEngine.java:72)\r\n\tat org.junit.platform.launcher.core.EngineExecutionOrchestrator.execute(EngineExecutionOrchestrator.java:198)\r\n\tat org.junit.platform.launcher.core.EngineExecutionOrchestrator.execute(EngineExecutionOrchestrator.java:169)\r\n\tat org.junit.platform.launcher.core.EngineExecutionOrchestrator.execute(EngineExecutionOrchestrator.java:93)\r\n\tat org.junit.platform.launcher.core.EngineExecutionOrchestrator.lambda$execute$0(EngineExecutionOrchestrator.java:58)\r\n\tat org.junit.platform.launcher.core.EngineExecutionOrchestrator.withInterceptedStreams(EngineExecutionOrchestrator.java:141)\r\n\tat org.junit.platform.launcher.core.EngineExecutionOrchestrator.execute(EngineExecutionOrchestrator.java:57)\r\n\tat org.junit.platform.launcher.core.DefaultLauncher.execute(DefaultLauncher.java:103)\r\n\tat org.junit.platform.launcher.core.DefaultLauncher.execute(DefaultLauncher.java:94)\r\n\tat org.junit.platform.launcher.core.DelegatingLauncher.execute(DelegatingLauncher.java:52)\r\n\tat org.junit.platform.launcher.core.SessionPerRequestLauncher.execute(SessionPerRequestLauncher.java:70)\r\n\tat org.eclipse.jdt.internal.junit5.runner.JUnit5TestReference.run(JUnit5TestReference.java:100)\r\n\tat org.eclipse.jdt.internal.junit.runner.TestExecution.run(TestExecution.java:40)\r\n\tat org.eclipse.jdt.internal.junit.runner.RemoteTestRunner.runTests(RemoteTestRunner.java:530)\r\n\tat org.eclipse.jdt.internal.junit.runner.RemoteTestRunner.runTests(RemoteTestRunner.java:758)\r\n\tat org.eclipse.jdt.internal.junit.runner.RemoteTestRunner.run(RemoteTestRunner.java:453)\r\n\tat org.eclipse.jdt.internal.junit.runner.RemoteTestRunner.main(RemoteTestRunner.java:211)\r\nCaused by: java.net.ConnectException: Connection refused: getsockopt: localhost/[0:0:0:0:0:0:0:1]:28697\r\n\tat org.asynchttpclient.netty.channel.NettyConnectListener.onFailure(NettyConnectListener.java:179)\r\n\tat org.asynchttpclient.netty.channel.NettyChannelConnector$1.onFailure(NettyChannelConnector.java:108)\r\n\tat org.asynchttpclient.netty.SimpleChannelFutureListener.operationComplete(SimpleChannelFutureListener.java:28)\r\n\tat org.asynchttpclient.netty.SimpleChannelFutureListener.operationComplete(SimpleChannelFutureListener.java:20)\r\n\tat io.netty.util.concurrent.DefaultPromise.notifyListener0(DefaultPromise.java:590)\r\n\tat io.netty.util.concurrent.DefaultPromise.notifyListeners0(DefaultPromise.java:583)\r\n\tat io.netty.util.concurrent.DefaultPromise.notifyListenersNow(DefaultPromise.java:559)\r\n\tat io.netty.util.concurrent.DefaultPromise.notifyListeners(DefaultPromise.java:492)\r\n\tat io.netty.util.concurrent.DefaultPromise.setValue0(DefaultPromise.java:636)\r\n\tat io.netty.util.concurrent.DefaultPromise.setFailure0(DefaultPromise.java:629)\r\n\tat io.netty.util.concurrent.DefaultPromise.tryFailure(DefaultPromise.java:118)\r\n\tat io.netty.channel.nio.AbstractNioChannel$AbstractNioUnsafe.fulfillConnectPromise(AbstractNioChannel.java:321)\r\n\tat io.netty.channel.nio.AbstractNioChannel$AbstractNioUnsafe.finishConnect(AbstractNioChannel.java:337)\r\n\tat io.netty.channel.nio.NioEventLoop.processSelectedKey(NioEventLoop.java:776)\r\n\tat io.netty.channel.nio.NioEventLoop.processSelectedKeysOptimized(NioEventLoop.java:724)\r\n\tat io.netty.channel.nio.NioEventLoop.processSelectedKeys(NioEventLoop.java:650)\r\n\tat io.netty.channel.nio.NioEventLoop.run(NioEventLoop.java:562)\r\n\tat io.netty.util.concurrent.SingleThreadEventExecutor$4.run(SingleThreadEventExecutor.java:997)\r\n\tat io.netty.util.internal.ThreadExecutorMap$2.run(ThreadExecutorMap.java:74)\r\n\tat io.netty.util.concurrent.FastThreadLocalRunnable.run(FastThreadLocalRunnable.java:30)\r\n\tat java.base/java.lang.Thread.run(Thread.java:1583)\r\nCaused by: io.netty.channel.AbstractChannel$AnnotatedConnectException: Connection refused: getsockopt: localhost/[0:0:0:0:0:0:0:1]:28697\r\nCaused by: java.net.ConnectException: Connection refused: getsockopt\r\n\tat java.base/sun.nio.ch.Net.pollConnect(Native Method)\r\n\tat java.base/sun.nio.ch.Net.pollConnectNow(Net.java:682)\r\n\tat java.base/sun.nio.ch.SocketChannelImpl.finishConnect(SocketChannelImpl.java:973)\r\n\tat io.netty.channel.socket.nio.NioSocketChannel.doFinishConnect(NioSocketChannel.java:337)\r\n\tat io.netty.channel.nio.AbstractNioChannel$AbstractNioUnsafe.finishConnect(AbstractNioChannel.java:334)\r\n\tat io.netty.channel.nio.NioEventLoop.processSelectedKey(NioEventLoop.java:776)\r\n\tat io.netty.channel.nio.NioEventLoop.processSelectedKeysOptimized(NioEventLoop.java:724)\r\n\tat io.netty.channel.nio.NioEventLoop.processSelectedKeys(NioEventLoop.java:650)\r\n\tat io.netty.channel.nio.NioEventLoop.run(NioEventLoop.java:562)\r\n\tat io.netty.util.concurrent.SingleThreadEventExecutor$4.run(SingleThreadEventExecutor.java:997)\r\n\tat io.netty.util.internal.ThreadExecutorMap$2.run(ThreadExecutorMap.java:74)\r\n\tat io.netty.util.concurrent.FastThreadLocalRunnable.run(FastThreadLocalRunnable.java:30)\r\n\tat java.base/java.lang.Thread.run(Thread.java:1583)\r\n","duration":6157900,"status":"failed"},"match":{"location":"com.hooks.HooksMethods.afterhooks(io.cucumber.java.Scenario)"}}],"type":"scenario","keyword":"Scenario Outline","steps":[{"result":{"duration":3320896000,"status":"passed"},"line":37,"name":"User Launch the Url","match":{"location":"com.lumaStepDef.LumaStepDef.user_launch_the_url()"},"keyword":"Given "},{"result":{"duration":1160682900,"status":"passed"},"line":38,"name":"User click the Homepage SingIn Button","match":{"location":"com.lumaStepDef.LumaStepDef.user_click_the_homepage_sing_in_button()"},"keyword":"When "},{"result":{"duration":41087600,"status":"passed"},"line":39,"name":"User navigates to the login page \"Customer Login\"","match":{"arguments":[{"val":"\"Customer Login\"","offset":33}],"location":"com.lumaStepDef.LumaStepDef.user_navigates_to_the_login_page(java.lang.String)"},"keyword":"Then "},{"result":{"duration":98947200,"status":"passed"},"line":40,"name":"User enters Username \"velandg10@gmail.com\" in the Username Field","match":{"arguments":[{"val":"\"velandg10@gmail.com\"","offset":21}],"location":"com.lumaStepDef.LumaStepDef.user_enters_username_in_the_username_field(java.lang.String)"},"keyword":"When "},{"result":{"duration":79756800,"status":"passed"},"line":41,"name":"User enters password \"Velan@1995\"  in the Password Field","match":{"arguments":[{"val":"\"Velan@1995\"","offset":21}],"location":"com.lumaStepDef.LumaStepDef.user_enters_password_in_the_password_field(java.lang.String)"},"keyword":"And "},{"result":{"duration":2439394800,"status":"passed"},"line":42,"name":"User clicks on the signIn button","match":{"location":"com.lumaStepDef.LumaStepDef.user_clicks_on_the_signIn_button()"},"keyword":"And "},{"result":{"duration":419101500,"status":"passed"},"line":43,"name":"User should be redirected to  the dashboard  \"Welcome, Velan Velli!\"","match":{"arguments":[{"val":"\"Welcome, Velan Velli!\"","offset":45}],"location":"com.lumaStepDef.LumaStepDef.user_should_be_redirected_to_the_dashboard(java.lang.String)"},"keyword":"Then "},{"result":{"duration":1703180300,"status":"passed"},"line":44,"name":"User select the Mens top Jacket Selection","match":{"location":"com.lumaStepDef.LumaStepDef.user_select_the_mens_top_jacket_selection()"},"keyword":"When "},{"result":{"duration":2248632600,"status":"passed"},"line":45,"name":"User selects the \"Montana Wind Jacket\"","match":{"arguments":[{"val":"\"Montana Wind Jacket\"","offset":17}],"location":"com.lumaStepDef.LumaStepDef.user_selects_the(java.lang.String)"},"keyword":"And "},{"result":{"duration":186444100,"status":"passed"},"line":46,"name":"User Select L size","match":{"location":"com.lumaStepDef.LumaStepDef.user_select_m_size()"},"keyword":"And "},{"result":{"duration":69539700,"status":"passed"},"line":47,"name":"User Select  Red Color","match":{"location":"com.lumaStepDef.LumaStepDef.user_select_red_color()"},"keyword":"And "},{"result":{"duration":41042700,"status":"passed"},"line":48,"name":"User adds the jacket to the cart","match":{"location":"com.lumaStepDef.LumaStepDef.user_adds_the_jacket_to_the_cart()"},"keyword":"And "},{"result":{"duration":5376753700,"status":"passed"},"line":49,"name":"User click the Shoping Cart","match":{"location":"com.lumaStepDef.LumaStepDef.user_click_the_shoping_cart()"},"keyword":"And "},{"result":{"duration":2194573600,"status":"passed"},"line":50,"name":"User proceeds to checkout","match":{"location":"com.lumaStepDef.LumaStepDef.user_proceeds_to_checkout()"},"keyword":"And "},{"result":{"duration":2336525800,"status":"passed"},"line":51,"name":"User fills in the mandatory shipping address with the following details","match":{"location":"com.lumaStepDef.LumaStepDef.user_fills_in_the_mandatory_shipping_address_with_the_following_details()"},"keyword":"When "},{"result":{"duration":26616700,"status":"passed"},"line":52,"name":"User selects the standard shipping method","match":{"location":"com.lumaStepDef.LumaStepDef.user_selects_the_standard_shipping_method()"},"keyword":"And "},{"result":{"duration":2820881800,"status":"passed"},"line":53,"name":"User places the order","match":{"location":"com.lumaStepDef.LumaStepDef.user_places_the_order()"},"keyword":"And "},{"result":{"error_message":"java.lang.AssertionError: ERROR: OCCUR IN THE ASSERT TEXT \r\n\tat org.junit.Assert.fail(Assert.java:89)\r\n\tat com.resuableMethods.Baseclass.assertText(Baseclass.java:183)\r\n\tat com.PageObjectModel.confirmationPagePOM.getSuccessMessage(confirmationPagePOM.java:43)\r\n\tat com.lumaStepDef.LumaStepDef.user_should_see_a_success_message(LumaStepDef.java:135)\r\n\tat ✽.User should see a success message \"Thank you for your purchase!\"(file:///D:/IPD/LumaCucumberFramework/src/test/java/com/featureFiles/Luma.feature:54)\r\n","duration":23080835500,"status":"failed"},"line":54,"name":"User should see a success message \"Thank you for your purchase!\"","match":{"arguments":[{"val":"\"Thank you for your purchase!\"","offset":34}],"location":"com.lumaStepDef.LumaStepDef.user_should_see_a_success_message(java.lang.String)"},"keyword":"Then "},{"result":{"duration":534400,"status":"skipped"},"line":55,"name":"User should print the order number","match":{"location":"com.lumaStepDef.LumaStepDef.user_should_print_the_order_number()"},"keyword":"And "}]}],"name":"Magento E-commerce Website Testing","description":"","id":"magento-e-commerce-website-testing","keyword":"Feature","uri":"file:src/test/java/com/featureFiles/Luma.feature","tags":[]}]